<?xml version="1.0" encoding="UTF-8"?>
<testng-results skipped="0" failed="0" ignored="0" total="1" passed="1">
  <reporter-output>
  </reporter-output>
  <suite name="Default suite" duration-ms="5766" started-at="2020-12-18T12:37:00Z" finished-at="2020-12-18T12:37:05Z">
    <groups>
    </groups>
    <test name="Default test" duration-ms="5766" started-at="2020-12-18T12:37:00Z" finished-at="2020-12-18T12:37:05Z">
      <class name="com.pratice.apis.CheckOath">
        <test-method status="PASS" signature="accessTokenAPI()[pri:0, instance:com.pratice.apis.CheckOath@6093dd95]" name="accessTokenAPI" duration-ms="5705" started-at="2020-12-18T12:37:00Z" finished-at="2020-12-18T12:37:05Z">
          <reporter-output>
          </reporter-output>
        </test-method> <!-- accessTokenAPI -->
      </class> <!-- com.pratice.apis.CheckOath -->
    </test> <!-- Default test -->
  </suite> <!-- Default suite -->
</testng-results>
